     1                                  extern printf
     2                                  section .data
     3 00000000 322074696D65732070-         fmt db "2 times pi equals %.14f", 0xa, 0
     3 00000009 6920657175616C7320-
     3 00000012 252E3134660A00     
     4 00000019 112D4454FB210940            pi dq 3.14159265358979
     5                                  
     6                                  section .bss
     7                                  section .text
     8                                  
     9                                  func3:
    10 00000000 55                          push rbp
    11 00000001 F20F100425-                 movsd xmm0, [pi]
    11 00000006 [19000000]         
    12 0000000A F20F580425-                 addsd xmm0, [pi]
    12 0000000F [19000000]         
    13 00000013 48BF-                       mov rdi, fmt
    13 00000015 [0000000000000000] 
    14 0000001D B801000000                  mov rax, 1
    15 00000022 E8(00000000)                call printf
    16                                  
    17 00000027 5D                          pop rbp
    18 00000028 C3                          ret
    19                                  
    20                                  func2:
    21 00000029 55                          push rbp
    22 0000002A E8D1FFFFFF                  call func3
    23 0000002F 5D                          pop rbp
    24 00000030 C3                          ret
    25                                  
    26                                  func1:
    27 00000031 55                          push rbp 
    28 00000032 E8F2FFFFFF                  call func2
    29 00000037 5D                          pop rbp
    30 00000038 C3                          ret
    31                                  
    32                                  global main
    33                                  
    34                                  main:
    35 00000039 55                          push rbp
    36 0000003A E8F2FFFFFF                  call func1 
    37 0000003F 5D                          pop rbp 
    38 00000040 C3                          ret
