     1                                  extern printf
     2                                  section .data
     3 00000000 8000000000000000            number1 dq 128
     4 00000008 1300000000000000            number2 dq  19
     5 00000010 F4FFFFFFFFFFFFFF            neg_num dq -12
     6 00000018 546865206E756D6265-         fmt     db "The numbers are %ld and %ld", 10, 0
     6 00000021 72732061726520256C-
     6 0000002A 6420616E6420256C64-
     6 00000033 0A00               
     7 00000035 257320256C640A00            fmtint  db "%s %ld", 10, 0
     8 0000003D 5468652073756D2069-         sumi    db "The sum is", 0
     8 00000046 7300               
     9 00000048 546865206469666665-         difi    db "The difference is ", 0
     9 00000051 72656E636520697320-
     9 0000005A 00                 
    10 0000005B 4E756D626572203120-         inci    db "Number 1 Incremented:", 0
    10 00000064 496E6372656D656E74-
    10 0000006D 65643A00           
    11 00000071 4E756D626572203120-         deci    db "Number 1 Decremented:", 0
    11 0000007A 44656372656D656E74-
    11 00000083 65643A00           
    12 00000087 4E756D626572203120-         sali    db "Number 1 Shift left 2(x4):", 0
    12 00000090 5368696674206C6566-
    12 00000099 742032287834293A00 
    13 000000A2 4E756D626572203120-         sari    db "Number 1 Shift right 2(/4):", 0
    13 000000AB 536869667420726967-
    13 000000B4 68742032282F34293A-
    13 000000BD 00                 
    14 000000BE 4E756D626572203120-         sariex  db "Number 1 Shift right 2(/4) with "
    14 000000C7 536869667420726967-
    14 000000D0 68742032282F342920-
    14 000000D9 7769746820         
    15 000000DE 7369676E2065787465-                 db "sign extension:", 0
    15 000000E7 6E73696F6E3A00     
    16 000000EE 5468652070726F6475-         multi   db "The product is:", 0
    16 000000F7 63742069733A00     
    17 000000FE 54686520696E746567-         divi    db "The integer quotient is", 0
    17 00000107 65722071756F746965-
    17 00000110 6E7420697300       
    18 00000116 546865206D6F64756C-         remi    db "The modulo is :", 0
    18 0000011F 6F206973203A00     
    19                                  
    20                                  section .bss
    21 00000000 ????????????????            resulti resq 1
    22 00000008 ????????????????            modulo resq 1
    23                                  
    24                                  section .text
    25                                      global main
    26                                  main:
    27 00000000 55                          push rbp
    28 00000001 4889E5                      mov rbp, rsp
    29                                  
    30                                      ;show number
    31 00000004 48BF-                       mov rdi, fmt
    31 00000006 [1800000000000000] 
    32 0000000E 488B3425[00000000]          mov rsi, [number1]
    33 00000016 488B1425[08000000]          mov rdx, [number2]
    34 0000001E B800000000                  mov rax, 0
    35 00000023 E8(00000000)                call printf
    36                                      
    37                                      ;; add:
    38 00000028 488B0425[00000000]          mov rax, [number1]
    39 00000030 48030425[08000000]          add rax, [number2]
    40 00000038 48890425[00000000]          mov [resulti], rax
    41                                      ; show result 
    42 00000040 48BF-                       mov rdi, fmtint
    42 00000042 [3500000000000000] 
    43 0000004A 48BE-                       mov rsi, sumi
    43 0000004C [3D00000000000000] 
    44 00000054 488B1425[00000000]          mov rdx, [resulti]
    45 0000005C B800000000                  mov rax, 0
    46 00000061 E8(00000000)                call printf
    47                                  
    48                                      ;; subtraction
    49 00000066 488B0425[00000000]          mov rax, [number1]
    50 0000006E 482B0425[08000000]          sub rax, [number2]
    51 00000076 48890425[00000000]          mov [resulti], rax
    52                                      ; show result 
    53 0000007E 48BF-                       mov rdi, fmtint
    53 00000080 [3500000000000000] 
    54 00000088 48BE-                       mov rsi, difi
    54 0000008A [4800000000000000] 
    55 00000092 488B1425[00000000]          mov rdx, [resulti]
    56 0000009A B800000000                  mov rax, 0
    57 0000009F E8(00000000)                call printf
    58                                  
    59                                      ;; increment
    60 000000A4 488B0425[00000000]          mov rax, [number1]
    61 000000AC 48FFC0                      inc rax
    62 000000AF 48890425[00000000]          mov [resulti], rax
    63                                      ; show result 
    64 000000B7 48BF-                       mov rdi, fmtint
    64 000000B9 [3500000000000000] 
    65 000000C1 48BE-                       mov rsi, inci
    65 000000C3 [5B00000000000000] 
    66 000000CB 488B1425[00000000]          mov rdx, [resulti]
    67 000000D3 B800000000                  mov rax, 0
    68 000000D8 E8(00000000)                call printf
    69                                  
    70                                      ;; decrement
    71 000000DD 488B0425[00000000]          mov rax, [number1]
    72 000000E5 48FFC8                      dec rax
    73 000000E8 48890425[00000000]          mov [resulti], rax
    74                                      ; show result 
    75 000000F0 48BF-                       mov rdi, fmtint
    75 000000F2 [3500000000000000] 
    76 000000FA 48BE-                       mov rsi, deci
    76 000000FC [7100000000000000] 
    77 00000104 488B1425[00000000]          mov rdx, [resulti]
    78 0000010C B800000000                  mov rax, 0
    79 00000111 E8(00000000)                call printf
    80                                  
    81                                      ;; shift left
    82 00000116 488B0425[00000000]          mov rax, [number1]
    83 0000011E 48C1E002                    sal rax, 2
    84 00000122 48890425[00000000]          mov [resulti], rax
    85                                      ; show result 
    86 0000012A 48BF-                       mov rdi, fmtint
    86 0000012C [3500000000000000] 
    87 00000134 48BE-                       mov rsi, sali
    87 00000136 [8700000000000000] 
    88 0000013E 488B1425[00000000]          mov rdx, [resulti]
    89 00000146 B800000000                  mov rax, 0
    90 0000014B E8(00000000)                call printf
    91                                  
    92                                      ;; shift right 
    93 00000150 488B0425[00000000]          mov rax, [number1]
    94 00000158 48C1F802                    sar rax, 2
    95 0000015C 48890425[00000000]          mov [resulti], rax
    96                                      ; show result 
    97 00000164 48BF-                       mov rdi, fmtint
    97 00000166 [3500000000000000] 
    98 0000016E 48BE-                       mov rsi, sari
    98 00000170 [A200000000000000] 
    99 00000178 488B1425[00000000]          mov rdx, [resulti]
   100 00000180 B800000000                  mov rax, 0
   101 00000185 E8(00000000)                call printf
   102                                  
   103                                      ;; shift right with sign symbol extension
   104 0000018A 488B0425[10000000]          mov rax, [neg_num]
   105 00000192 48C1F802                    sar rax, 2
   106 00000196 48890425[00000000]          mov [resulti], rax
   107                                      ; show result 
   108 0000019E 48BF-                       mov rdi, fmtint
   108 000001A0 [3500000000000000] 
   109 000001A8 48BE-                       mov rsi, sariex
   109 000001AA [BE00000000000000] 
   110 000001B2 488B1425[00000000]          mov rdx, [resulti]
   111 000001BA B800000000                  mov rax, 0
   112 000001BF E8(00000000)                call printf
   113                                  
   114                                  
   115                                      ;; multiplication
   116 000001C4 488B0425[00000000]          mov rax, [number1]
   117 000001CC 48F72C25[08000000]          imul qword [number2]
   118 000001D4 48890425[00000000]          mov [resulti], rax
   119                                      ; show result 
   120 000001DC 48BF-                       mov rdi, fmtint
   120 000001DE [3500000000000000] 
   121 000001E6 48BE-                       mov rsi, multi
   121 000001E8 [EE00000000000000] 
   122 000001F0 488B1425[00000000]          mov rdx, [resulti]
   123 000001F8 B800000000                  mov rax, 0
   124 000001FD E8(00000000)                call printf
   125                                  
   126                                  
   127                                      ;; division
   128 00000202 488B0425[00000000]          mov rax, [number1]
   129 0000020A BA00000000                  mov rdx, 0
   130 0000020F 48F73C25[08000000]          idiv qword [number2]
   131 00000217 48890425[00000000]          mov [resulti], rax
   132 0000021F 48891425[08000000]          mov [modulo], rdx
   133                                      ; show result 
   134 00000227 48BF-                       mov rdi, fmtint
   134 00000229 [3500000000000000] 
   135 00000231 48BE-                       mov rsi, divi
   135 00000233 [FE00000000000000] 
   136 0000023B 488B1425[00000000]          mov rdx, [resulti]
   137 00000243 B800000000                  mov rax, 0
   138 00000248 E8(00000000)                call printf
   139                                  
   140 0000024D 48BF-                       mov rdi, fmtint
   140 0000024F [3500000000000000] 
   141 00000257 48BE-                       mov rsi, remi
   141 00000259 [1601000000000000] 
   142 00000261 488B1425[08000000]          mov rdx, [modulo]
   143 00000269 B800000000                  mov rax, 0
   144 0000026E E8(00000000)                call printf
   145                                  
   146                                  
   147 00000273 4889EC                      mov rsp, rbp
   148 00000276 5D                          pop rbp
   149 00000277 C3                          ret
