     1                                  extern printf
     2                                  
     3                                  section .data
     4 00000000 4100                    	first db "A", 0
     5 00000002 4200                    	second db "B", 0
     6 00000004 4300                    	third db "C", 0
     7 00000006 4400                    	fourth db "D", 0
     8 00000008 4500                    	fifth db "E", 0
     9 0000000A 4600                    	sixth db "F", 0
    10 0000000C 4700                    	seventh db "G", 0
    11 0000000E 4800                    	eighth db "H", 0
    12 00000010 4900                    	ninth db "I", 0
    13 00000012 4A00                    	tenth db "J", 0
    14 00000014 54686520737472696E-     	fmt db "The string is: %s", 0xa, 0
    14 0000001D 672069733A2025730A-
    14 00000026 00                 
    15                                  
    16                                  section .bss
    17 00000000 <res Bh>                	flist resb 11 ;; strlen +1 
    18                                  section .text
    19                                  	global main
    20                                  
    21                                  main:
    22 00000000 55                      	push rbp
    23 00000001 4889E5                  	mov rbp, rsp
    24 00000004 48BF-                   	mov rdi, flist
    24 00000006 [0000000000000000] 
    25 0000000E 48BE-                   	mov rsi, first
    25 00000010 [0000000000000000] 
    26 00000018 48BA-                   	mov rdx, second
    26 0000001A [0200000000000000] 
    27 00000022 48B9-                   	mov rcx, third
    27 00000024 [0400000000000000] 
    28 0000002C 49B8-                   	mov r8, fourth
    28 0000002E [0600000000000000] 
    29 00000036 49B9-                   	mov r9, fifth
    29 00000038 [0800000000000000] 
    30                                  
    31 00000040 68[12000000]            	push tenth
    32 00000045 68[10000000]            	push ninth
    33 0000004A 68[0E000000]            	push eighth
    34 0000004F 68[0C000000]            	push seventh
    35 00000054 68[0A000000]            	push sixth
    36 00000059 E820000000              	call lfunc
    37                                  	; print
    38 0000005E 48BF-                   	mov rdi, fmt
    38 00000060 [1400000000000000] 
    39 00000068 48BE-                   	mov rsi, flist
    39 0000006A [0000000000000000] 
    40 00000072 B800000000              	mov rax, 0
    41 00000077 E8(00000000)            	call printf
    42                                  
    43 0000007C C9                      	leave
    44 0000007D C3                      	ret
    45                                  
    46                                  lfunc:
    47 0000007E 55                      	push rbp
    48 0000007F 4889E5                  	mov rbp, rsp
    49 00000082 4831C0                  	xor rax, rax
    50 00000085 8A06                    	mov al, byte[rsi];; mov first arg to al
    51 00000087 8807                    	mov [rdi], al ;; mov al to memory
    52 00000089 8A02                    	mov al, byte[rdx]
    53 0000008B 884701                  	mov [rdi+1], al
    54 0000008E 8A01                    	mov al, byte[rcx]
    55 00000090 884702                  	mov [rdi+2], al
    56 00000093 418A00                  	mov al, byte[r8]
    57 00000096 884703                  	mov [rdi+3], al
    58 00000099 418A01                  	mov al, byte[r9]
    59 0000009C 884704                  	mov [rdi+4], al
    60                                  
    61                                  	;; from stack
    62 0000009F 53                      	push rbx ;; use rbx as tmp register
    63 000000A0 4831DB                  	xor rbx, rbx
    64 000000A3 488B4510                	mov rax, qword [rbp+16]
    65 000000A7 8A18                    	mov bl, byte[rax]
    66 000000A9 885F05                  	mov [rdi+5], bl
    67                                  
    68 000000AC 488B4518                	mov rax, qword [rbp+24]
    69 000000B0 8A18                    	mov bl, byte[rax]
    70 000000B2 885F06                  	mov [rdi+6], bl
    71 000000B5 488B4520                	mov rax, qword [rbp+32]
    72 000000B9 8A18                    	mov bl, byte[rax]
    73 000000BB 885F07                  	mov [rdi+7], bl
    74 000000BE 488B4528                	mov rax, qword [rbp+40]
    75 000000C2 8A18                    	mov bl, byte[rax]
    76 000000C4 885F08                  	mov [rdi+8], bl
    77 000000C7 488B4530                	mov rax, qword [rbp+48]
    78 000000CB 8A18                    	mov bl, byte[rax]
    79 000000CD 885F09                  	mov [rdi+9], bl
    80                                  	;; end zero
    81 000000D0 B300                    	mov bl, 0
    82 000000D2 885F0A                  	mov [rdi+10], bl
    83                                  
    84 000000D5 5B                      	pop rbx
    85 000000D6 4889EC                  	mov rsp, rbp
    86 000000D9 5D                      	pop rbp
    87 000000DA C3                      	ret
